#
# A fatal error has been detected by the Java Runtime Environment:
#
#  EXCEPTION_ACCESS_VIOLATION (0xc0000005) at pc=0x000000006c832bf2, pid=14776, tid=14100
#
# JRE version: Java(TM) SE Runtime Environment (12.0.2+10) (build 12.0.2+10)
# Java VM: Java HotSpot(TM) 64-Bit Server VM (12.0.2+10, mixed mode, sharing, tiered, compressed oops, g1 gc, windows-amd64)
# Problematic frame:
# C  [R.dll+0x132bf2]
#
# No core dump will be written. Minidumps are not enabled by default on client versions of Windows
#
# If you would like to submit a bug report, please visit:
#   http://bugreport.java.com/bugreport/crash.jsp
# The crash happened outside the Java Virtual Machine in native code.
# See problematic frame for where to report the bug.
#

---------------  S U M M A R Y ------------

Command Line: -Dfile.encoding=Cp1252 pedigreeVerification.Main 12572.hmp.txt PEDIGREE_FILE.txt 0

Host: Intel(R) Core(TM) i5-8250U CPU @ 1.60GHz, 8 cores, 7G,  Windows 10 , 64 bit Build 17763 (10.0.17763.475)
Time: Fri Oct 18 10:07:36 2019 China Standard Time elapsed time: 0 seconds (0d 0h 0m 0s)

---------------  T H R E A D  ---------------

Current thread (0x000001a657efe000):  JavaThread "main" [_thread_in_native, id=14100, stack(0x00000042b4400000,0x00000042b4500000)]

Stack: [0x00000042b4400000,0x00000042b4500000],  sp=0x00000042b44fefa0,  free space=1019k
Native frames: (J=compiled Java code, j=interpreted, Vv=VM code, C=native code)
C  [R.dll+0x132bf2]

Java frames: (J=compiled Java code, j=interpreted, Vv=VM code)
j  org.rosuda.JRI.Rengine.rniParse(Ljava/lang/String;I)J+0
j  org.rosuda.JRI.Rengine.eval(Ljava/lang/String;Z)Lorg/rosuda/JRI/REXP;+53
j  org.rosuda.JRI.Rengine.eval(Ljava/lang/String;)Lorg/rosuda/JRI/REXP;+3
j  pedigreeVerification.Step1.getPvalue([D[D)Ljava/lang/Double;+216
j  pedigreeVerification.Step1.GetCrossType(Lnet/maizegenetics/dna/snp/GenotypeTable;)Ljava/util/ArrayList;+185
j  pedigreeVerification.Step1.start(Ljava/lang/String;Ljava/lang/String;D)V+33
j  pedigreeVerification.Step1.checkInputs([Ljava/lang/String;)V+34
j  pedigreeVerification.Step1.<init>([Ljava/lang/String;)V+5
j  pedigreeVerification.Main.main([Ljava/lang/String;)V+5
v  ~StubRoutines::call_stub

siginfo: EXCEPTION_ACCESS_VIOLATION (0xc0000005), reading address 0x0000000000000018


Register to memory mapping:

RIP=0x000000006c832bf2 R.dll
RAX=0x0 is NULL
RBX=0x0 is NULL
RCX=0x0 is NULL
RDX=0x0 is NULL
RSP=0x00000042b44fefa0 is pointing into the stack for thread: 0x000001a657efe000
RBP=0x0000000000000020 is an unknown value
RSI=0x000000000000008e is an unknown value
RDI=0x0000000000000038 is an unknown value
R8 =0x000001a655f00018 points into unknown readable memory: 00 00 00 00 00 00 00 00
R9 =0x0 is NULL
R10=0x000000006e46b960 R.dll
R11=0x0000000000000246 is an unknown value
R12=0x0000000000000001 is an unknown value
R13=0x000000006e46b800 R.dll
R14=0x0000000000000001 is an unknown value
R15=0x000000006e46b970 R.dll


Registers:
RAX=0x0000000000000000, RBX=0x0000000000000000, RCX=0x0000000000000000, RDX=0x0000000000000000
RSP=0x00000042b44fefa0, RBP=0x0000000000000020, RSI=0x000000000000008e, RDI=0x0000000000000038
R8 =0x000001a655f00018, R9 =0x0000000000000000, R10=0x000000006e46b960, R11=0x0000000000000246
R12=0x0000000000000001, R13=0x000000006e46b800, R14=0x0000000000000001, R15=0x000000006e46b970
RIP=0x000000006c832bf2, EFLAGS=0x0000000000010202

Top of Stack: (sp=0x00000042b44fefa0)
0x00000042b44fefa0:   0000000000000036 00000042b44fefb8
0x00000042b44fefb0:   000001a677afb550 00007ffa612d3408
0x00000042b44fefc0:   0000000000000000 0000000000000000
0x00000042b44fefd0:   0000000000000001 0000000000000010
0x00000042b44fefe0:   0000000000000001 0000000000000001
0x00000042b44feff0:   000000006e46b800 000000006c8351cd
0x00000042b44ff000:   0000000000000000 0000005000000000
0x00000042b44ff010:   00000042b44ff9a0 00007ffa60eef86f
0x00000042b44ff020:   000001a657efe000 0000000004000000
0x00000042b44ff030:   0000000000000035 000001a657efea00
0x00000042b44ff040:   0000000000000000 0000000000000000
0x00000042b44ff050:   0000000000000000 0000000000000000
0x00000042b44ff060:   0000000000000000 000001a657efe330
0x00000042b44ff070:   00000042b44ff210 000000008935bff8
0x00000042b44ff080:   000001a677afb550 0000000000000000
0x00000042b44ff090:   000001a6770fddc8 00000042b44ff218 

Instructions: (pc=0x000000006c832bf2)
0x000000006c832af2:   b6 50 03 4c 8b 58 10 83 e2 ee 44 09 ea 4c 39 d9
0x000000006c832b02:   88 50 03 4c 89 d8 75 e7 e9 91 d0 ff ff e8 5c fe
0x000000006c832b12:   ef ff e9 a6 f9 ff ff 48 8d 0d 59 61 b2 01 e8 cb
0x000000006c832b22:   ee fa ff 48 89 ef 48 89 ea e9 d1 e9 ff ff e8 3b
0x000000006c832b32:   fe ef ff e9 f7 fe ff ff 66 0f 1f 44 00 00 41 55
0x000000006c832b42:   41 54 55 57 56 53 48 83 ec 28 85 c9 89 cd 0f 84
0x000000006c832b52:   ea 00 00 00 48 8d 05 e3 72 b2 01 48 63 d1 48 63
0x000000006c832b62:   04 90 31 d2 8d 3c c5 30 00 00 00 b8 10 1f 00 00
0x000000006c832b72:   48 63 ff 48 f7 f7 89 c6 b9 18 1f 00 00 e8 3c be
0x000000006c832b82:   ed ff 48 85 c0 48 89 c3 0f 84 80 01 00 00 8b 05
0x000000006c832b92:   92 8b c3 01 85 c0 0f 85 b2 00 00 00 48 63 c5 4c
0x000000006c832ba2:   8d 43 08 48 8d 14 80 4c 8d 14 50 48 8d 05 4c 8c
0x000000006c832bb2:   c3 01 49 c1 e2 05 49 01 c2 49 8b 92 58 01 00 00
0x000000006c832bc2:   49 8d 82 50 01 00 00 48 89 13 83 40 04 01 85 f6
0x000000006c832bd2:   49 89 9a 58 01 00 00 4d 8b 4a 10 74 54 48 8b 0d
0x000000006c832be2:   7a 97 c3 01 31 c0 c1 e5 05 0f 1f 44 00 00 89 cb
0x000000006c832bf2:   49 8b 51 18 83 c0 01 c1 eb 18 41 83 82 50 01 00
0x000000006c832c02:   00 01 4d 89 48 10 4d 89 41 18 41 89 d9 41 83 e1
0x000000006c832c12:   1f 4c 89 42 10 49 89 08 41 09 e9 49 89 50 18 45
0x000000006c832c22:   88 48 03 4d 89 c1 4d 89 42 18 49 01 f8 39 f0 75
0x000000006c832c32:   bd 48 83 c4 28 5b 5e 5f 5d 41 5c 41 5d c3 be 8e
0x000000006c832c42:   00 00 00 bf 38 00 00 00 e9 2b ff ff ff 90 4c 8b
0x000000006c832c52:   0d c9 8a c3 01 48 8d 0d c4 66 b2 01 41 b8 09 00
0x000000006c832c62:   00 00 ba 01 00 00 00 e8 3a ea 21 00 48 8b 05 cb
0x000000006c832c72:   cb be 01 4c 8b 2d a4 8a c3 01 4c 8b 20 4d 85 e4
0x000000006c832c82:   75 15 eb 62 66 2e 0f 1f 84 00 00 00 00 00 4d 8b
0x000000006c832c92:   24 24 4d 85 e4 74 48 41 f6 44 24 08 44 74 ef 4d
0x000000006c832ca2:   8b 84 24 40 01 00 00 41 0f b6 00 83 e0 1f 3c 06
0x000000006c832cb2:   75 dc 49 8b 50 20 4c 8d 05 a8 5b b2 01 0f b6 02
0x000000006c832cc2:   83 e0 1f 3c 01 74 37 48 8d 15 a9 5b b2 01 4c 89
0x000000006c832cd2:   e9 e8 88 74 13 00 4d 8b 24 24 4d 85 e4 75 b8 4c
0x000000006c832ce2:   8b 2d 38 8a c3 01 4c 89 ea b9 0a 00 00 00 e8 fb 


Stack slot to memory mapping:
stack at sp + 0 slots: 0x0000000000000036 is an unknown value
stack at sp + 1 slots: 0x00000042b44fefb8 is pointing into the stack for thread: 0x000001a657efe000
stack at sp + 2 slots: 0x000001a677afb550 points into unknown readable memory: 4f 62 73 65 72 76 65 64
stack at sp + 3 slots: 0x00007ffa612d3408 jvm.dll
stack at sp + 4 slots: 0x0 is NULL
stack at sp + 5 slots: 0x0 is NULL
stack at sp + 6 slots: 0x0000000000000001 is an unknown value
stack at sp + 7 slots: 0x0000000000000010 is an unknown value


---------------  P R O C E S S  ---------------

Threads class SMR info:
_java_thread_list=0x000001a677aff770, length=12, elements={
0x000001a657efe000, 0x000001a676b89800, 0x000001a676b8b000, 0x000001a676ba3000,
0x000001a676ba5000, 0x000001a676ba8000, 0x000001a676bac800, 0x000001a676baf000,
0x000001a67760f000, 0x000001a677617800, 0x000001a6776af000, 0x000001a677974800
}

Java Threads: ( => current thread )
=>0x000001a657efe000 JavaThread "main" [_thread_in_native, id=14100, stack(0x00000042b4400000,0x00000042b4500000)]
  0x000001a676b89800 JavaThread "Reference Handler" daemon [_thread_blocked, id=14656, stack(0x00000042b4b00000,0x00000042b4c00000)]
  0x000001a676b8b000 JavaThread "Finalizer" daemon [_thread_blocked, id=11376, stack(0x00000042b4c00000,0x00000042b4d00000)]
  0x000001a676ba3000 JavaThread "Signal Dispatcher" daemon [_thread_blocked, id=12600, stack(0x00000042b4d00000,0x00000042b4e00000)]
  0x000001a676ba5000 JavaThread "Attach Listener" daemon [_thread_blocked, id=14164, stack(0x00000042b4e00000,0x00000042b4f00000)]
  0x000001a676ba8000 JavaThread "C2 CompilerThread0" daemon [_thread_blocked, id=12172, stack(0x00000042b4f00000,0x00000042b5000000)]
  0x000001a676bac800 JavaThread "C1 CompilerThread0" daemon [_thread_blocked, id=15912, stack(0x00000042b5000000,0x00000042b5100000)]
  0x000001a676baf000 JavaThread "Sweeper thread" daemon [_thread_blocked, id=10504, stack(0x00000042b5100000,0x00000042b5200000)]
  0x000001a67760f000 JavaThread "Service Thread" daemon [_thread_blocked, id=8792, stack(0x00000042b5200000,0x00000042b5300000)]
  0x000001a677617800 JavaThread "Common-Cleaner" daemon [_thread_blocked, id=9392, stack(0x00000042b5400000,0x00000042b5500000)]
  0x000001a6776af000 JavaThread "C2 CompilerThread1" daemon [_thread_blocked, id=12632, stack(0x00000042b5500000,0x00000042b5600000)]
  0x000001a677974800 JavaThread "ForkJoinPool.commonPool-worker-3" daemon [_thread_blocked, id=15128, stack(0x00000042b5600000,0x00000042b5700000)]

Other Threads:
  0x000001a676b88800 VMThread "VM Thread" [stack: 0x00000042b4a00000,0x00000042b4b00000] [id=14292]
  0x000001a677624000 WatcherThread [stack: 0x00000042b5300000,0x00000042b5400000] [id=15432]
  0x000001a657f3b800 GCTaskThread "GC Thread#0" [stack: 0x00000042b4500000,0x00000042b4600000] [id=2132]
  0x000001a657f4a000 ConcurrentGCThread "G1 Main Marker" [stack: 0x00000042b4600000,0x00000042b4700000] [id=1720]
  0x000001a657f4e000 ConcurrentGCThread "G1 Conc#0" [stack: 0x00000042b4700000,0x00000042b4800000] [id=17768]
  0x000001a676a02800 ConcurrentGCThread "G1 Refine#0" [stack: 0x00000042b4800000,0x00000042b4900000] [id=15196]
  0x000001a676a05000 ConcurrentGCThread "G1 Young RemSet Sampling" [stack: 0x00000042b4900000,0x00000042b4a00000] [id=9480]

Threads with active compile tasks:

VM state:not at safepoint (normal execution)

VM Mutex/Monitor currently owned by a thread: None

Heap address: 0x0000000081e00000, size: 2018 MB, Compressed Oops mode: 32-bit
Narrow klass base: 0x0000000800000000, Narrow klass shift: 3
Compressed class space size: 1073741824 Address: 0x0000000801190000

Heap:
 garbage-first heap   total 131072K, used 23552K [0x0000000081e00000, 0x0000000100000000)
  region size 1024K, 11 young (11264K), 0 survivors (0K)
 Metaspace       used 4061K, capacity 5825K, committed 6016K, reserved 1056768K
  class space    used 402K, capacity 557K, committed 640K, reserved 1048576K
Heap Regions: E=young(eden), S=young(survivor), O=old, HS=humongous(starts), HC=humongous(continues), CS=collection set, F=free, A=archive, TAMS=top-at-mark-start (previous, next)
|   0|0x0000000081e00000, 0x0000000081f00000, 0x0000000081f00000|100%|HS|  |TAMS 0x0000000081e00000, 0x0000000081e00000| Complete 
|   1|0x0000000081f00000, 0x0000000082000000, 0x0000000082000000|100%|HS|  |TAMS 0x0000000081f00000, 0x0000000081f00000| Complete 
|   2|0x0000000082000000, 0x0000000082100000, 0x0000000082100000|100%|HS|  |TAMS 0x0000000082000000, 0x0000000082000000| Complete 
|   3|0x0000000082100000, 0x0000000082200000, 0x0000000082200000|100%|HC|  |TAMS 0x0000000082100000, 0x0000000082100000| Complete 
|   4|0x0000000082200000, 0x0000000082300000, 0x0000000082300000|100%|HC|  |TAMS 0x0000000082200000, 0x0000000082200000| Complete 
|   5|0x0000000082300000, 0x0000000082400000, 0x0000000082400000|100%|HS|  |TAMS 0x0000000082300000, 0x0000000082300000| Complete 
|   6|0x0000000082400000, 0x0000000082500000, 0x0000000082500000|100%|HC|  |TAMS 0x0000000082400000, 0x0000000082400000| Complete 
|   7|0x0000000082500000, 0x0000000082600000, 0x0000000082600000|100%|HC|  |TAMS 0x0000000082500000, 0x0000000082500000| Complete 
|   8|0x0000000082600000, 0x0000000082700000, 0x0000000082700000|100%|HC|  |TAMS 0x0000000082600000, 0x0000000082600000| Complete 
|   9|0x0000000082700000, 0x0000000082800000, 0x0000000082800000|100%|HC|  |TAMS 0x0000000082700000, 0x0000000082700000| Complete 
|  10|0x0000000082800000, 0x0000000082900000, 0x0000000082900000|100%|HC|  |TAMS 0x0000000082800000, 0x0000000082800000| Complete 
|  11|0x0000000082900000, 0x0000000082a00000, 0x0000000082a00000|100%|HC|  |TAMS 0x0000000082900000, 0x0000000082900000| Complete 
|  12|0x0000000082a00000, 0x0000000082b00000, 0x0000000082b00000|100%|HC|  |TAMS 0x0000000082a00000, 0x0000000082a00000| Complete 
|  13|0x0000000082b00000, 0x0000000082c00000, 0x0000000082c00000|100%|HC|  |TAMS 0x0000000082b00000, 0x0000000082b00000| Complete 
|  14|0x0000000082c00000, 0x0000000082c00000, 0x0000000082d00000|  0%| F|  |TAMS 0x0000000082c00000, 0x0000000082c00000| Untracked 
|  15|0x0000000082d00000, 0x0000000082d00000, 0x0000000082e00000|  0%| F|  |TAMS 0x0000000082d00000, 0x0000000082d00000| Untracked 
|  16|0x0000000082e00000, 0x0000000082e00000, 0x0000000082f00000|  0%| F|  |TAMS 0x0000000082e00000, 0x0000000082e00000| Untracked 
|  17|0x0000000082f00000, 0x0000000082f00000, 0x0000000083000000|  0%| F|  |TAMS 0x0000000082f00000, 0x0000000082f00000| Untracked 
|  18|0x0000000083000000, 0x0000000083000000, 0x0000000083100000|  0%| F|  |TAMS 0x0000000083000000, 0x0000000083000000| Untracked 
|  19|0x0000000083100000, 0x0000000083100000, 0x0000000083200000|  0%| F|  |TAMS 0x0000000083100000, 0x0000000083100000| Untracked 
|  20|0x0000000083200000, 0x0000000083200000, 0x0000000083300000|  0%| F|  |TAMS 0x0000000083200000, 0x0000000083200000| Untracked 
|  21|0x0000000083300000, 0x0000000083300000, 0x0000000083400000|  0%| F|  |TAMS 0x0000000083300000, 0x0000000083300000| Untracked 
|  22|0x0000000083400000, 0x0000000083400000, 0x0000000083500000|  0%| F|  |TAMS 0x0000000083400000, 0x0000000083400000| Untracked 
|  23|0x0000000083500000, 0x0000000083500000, 0x0000000083600000|  0%| F|  |TAMS 0x0000000083500000, 0x0000000083500000| Untracked 
|  24|0x0000000083600000, 0x0000000083600000, 0x0000000083700000|  0%| F|  |TAMS 0x0000000083600000, 0x0000000083600000| Untracked 
|  25|0x0000000083700000, 0x0000000083700000, 0x0000000083800000|  0%| F|  |TAMS 0x0000000083700000, 0x0000000083700000| Untracked 
|  26|0x0000000083800000, 0x0000000083800000, 0x0000000083900000|  0%| F|  |TAMS 0x0000000083800000, 0x0000000083800000| Untracked 
|  27|0x0000000083900000, 0x0000000083900000, 0x0000000083a00000|  0%| F|  |TAMS 0x0000000083900000, 0x0000000083900000| Untracked 
|  28|0x0000000083a00000, 0x0000000083a00000, 0x0000000083b00000|  0%| F|  |TAMS 0x0000000083a00000, 0x0000000083a00000| Untracked 
|  29|0x0000000083b00000, 0x0000000083b00000, 0x0000000083c00000|  0%| F|  |TAMS 0x0000000083b00000, 0x0000000083b00000| Untracked 
|  30|0x0000000083c00000, 0x0000000083c00000, 0x0000000083d00000|  0%| F|  |TAMS 0x0000000083c00000, 0x0000000083c00000| Untracked 
|  31|0x0000000083d00000, 0x0000000083d00000, 0x0000000083e00000|  0%| F|  |TAMS 0x0000000083d00000, 0x0000000083d00000| Untracked 
|  32|0x0000000083e00000, 0x0000000083e00000, 0x0000000083f00000|  0%| F|  |TAMS 0x0000000083e00000, 0x0000000083e00000| Untracked 
|  33|0x0000000083f00000, 0x0000000083f00000, 0x0000000084000000|  0%| F|  |TAMS 0x0000000083f00000, 0x0000000083f00000| Untracked 
|  34|0x0000000084000000, 0x0000000084000000, 0x0000000084100000|  0%| F|  |TAMS 0x0000000084000000, 0x0000000084000000| Untracked 
|  35|0x0000000084100000, 0x0000000084100000, 0x0000000084200000|  0%| F|  |TAMS 0x0000000084100000, 0x0000000084100000| Untracked 
|  36|0x0000000084200000, 0x0000000084200000, 0x0000000084300000|  0%| F|  |TAMS 0x0000000084200000, 0x0000000084200000| Untracked 
|  37|0x0000000084300000, 0x0000000084300000, 0x0000000084400000|  0%| F|  |TAMS 0x0000000084300000, 0x0000000084300000| Untracked 
|  38|0x0000000084400000, 0x0000000084400000, 0x0000000084500000|  0%| F|  |TAMS 0x0000000084400000, 0x0000000084400000| Untracked 
|  39|0x0000000084500000, 0x0000000084500000, 0x0000000084600000|  0%| F|  |TAMS 0x0000000084500000, 0x0000000084500000| Untracked 
|  40|0x0000000084600000, 0x0000000084600000, 0x0000000084700000|  0%| F|  |TAMS 0x0000000084600000, 0x0000000084600000| Untracked 
|  41|0x0000000084700000, 0x0000000084700000, 0x0000000084800000|  0%| F|  |TAMS 0x0000000084700000, 0x0000000084700000| Untracked 
|  42|0x0000000084800000, 0x0000000084800000, 0x0000000084900000|  0%| F|  |TAMS 0x0000000084800000, 0x0000000084800000| Untracked 
|  43|0x0000000084900000, 0x0000000084900000, 0x0000000084a00000|  0%| F|  |TAMS 0x0000000084900000, 0x0000000084900000| Untracked 
|  44|0x0000000084a00000, 0x0000000084a00000, 0x0000000084b00000|  0%| F|  |TAMS 0x0000000084a00000, 0x0000000084a00000| Untracked 
|  45|0x0000000084b00000, 0x0000000084b00000, 0x0000000084c00000|  0%| F|  |TAMS 0x0000000084b00000, 0x0000000084b00000| Untracked 
|  46|0x0000000084c00000, 0x0000000084c00000, 0x0000000084d00000|  0%| F|  |TAMS 0x0000000084c00000, 0x0000000084c00000| Untracked 
|  47|0x0000000084d00000, 0x0000000084d00000, 0x0000000084e00000|  0%| F|  |TAMS 0x0000000084d00000, 0x0000000084d00000| Untracked 
|  48|0x0000000084e00000, 0x0000000084e00000, 0x0000000084f00000|  0%| F|  |TAMS 0x0000000084e00000, 0x0000000084e00000| Untracked 
|  49|0x0000000084f00000, 0x0000000084f00000, 0x0000000085000000|  0%| F|  |TAMS 0x0000000084f00000, 0x0000000084f00000| Untracked 
|  50|0x0000000085000000, 0x0000000085000000, 0x0000000085100000|  0%| F|  |TAMS 0x0000000085000000, 0x0000000085000000| Untracked 
|  51|0x0000000085100000, 0x0000000085100000, 0x0000000085200000|  0%| F|  |TAMS 0x0000000085100000, 0x0000000085100000| Untracked 
|  52|0x0000000085200000, 0x0000000085200000, 0x0000000085300000|  0%| F|  |TAMS 0x0000000085200000, 0x0000000085200000| Untracked 
|  53|0x0000000085300000, 0x0000000085300000, 0x0000000085400000|  0%| F|  |TAMS 0x0000000085300000, 0x0000000085300000| Untracked 
|  54|0x0000000085400000, 0x0000000085400000, 0x0000000085500000|  0%| F|  |TAMS 0x0000000085400000, 0x0000000085400000| Untracked 
|  55|0x0000000085500000, 0x0000000085500000, 0x0000000085600000|  0%| F|  |TAMS 0x0000000085500000, 0x0000000085500000| Untracked 
|  56|0x0000000085600000, 0x0000000085600000, 0x0000000085700000|  0%| F|  |TAMS 0x0000000085600000, 0x0000000085600000| Untracked 
|  57|0x0000000085700000, 0x0000000085700000, 0x0000000085800000|  0%| F|  |TAMS 0x0000000085700000, 0x0000000085700000| Untracked 
|  58|0x0000000085800000, 0x0000000085800000, 0x0000000085900000|  0%| F|  |TAMS 0x0000000085800000, 0x0000000085800000| Untracked 
|  59|0x0000000085900000, 0x0000000085900000, 0x0000000085a00000|  0%| F|  |TAMS 0x0000000085900000, 0x0000000085900000| Untracked 
|  60|0x0000000085a00000, 0x0000000085a00000, 0x0000000085b00000|  0%| F|  |TAMS 0x0000000085a00000, 0x0000000085a00000| Untracked 
|  61|0x0000000085b00000, 0x0000000085b00000, 0x0000000085c00000|  0%| F|  |TAMS 0x0000000085b00000, 0x0000000085b00000| Untracked 
|  62|0x0000000085c00000, 0x0000000085c00000, 0x0000000085d00000|  0%| F|  |TAMS 0x0000000085c00000, 0x0000000085c00000| Untracked 
|  63|0x0000000085d00000, 0x0000000085d00000, 0x0000000085e00000|  0%| F|  |TAMS 0x0000000085d00000, 0x0000000085d00000| Untracked 
|  64|0x0000000085e00000, 0x0000000085e00000, 0x0000000085f00000|  0%| F|  |TAMS 0x0000000085e00000, 0x0000000085e00000| Untracked 
|  65|0x0000000085f00000, 0x0000000085f00000, 0x0000000086000000|  0%| F|  |TAMS 0x0000000085f00000, 0x0000000085f00000| Untracked 
|  66|0x0000000086000000, 0x0000000086000000, 0x0000000086100000|  0%| F|  |TAMS 0x0000000086000000, 0x0000000086000000| Untracked 
|  67|0x0000000086100000, 0x0000000086100000, 0x0000000086200000|  0%| F|  |TAMS 0x0000000086100000, 0x0000000086100000| Untracked 
|  68|0x0000000086200000, 0x0000000086200000, 0x0000000086300000|  0%| F|  |TAMS 0x0000000086200000, 0x0000000086200000| Untracked 
|  69|0x0000000086300000, 0x0000000086300000, 0x0000000086400000|  0%| F|  |TAMS 0x0000000086300000, 0x0000000086300000| Untracked 
|  70|0x0000000086400000, 0x0000000086400000, 0x0000000086500000|  0%| F|  |TAMS 0x0000000086400000, 0x0000000086400000| Untracked 
|  71|0x0000000086500000, 0x0000000086500000, 0x0000000086600000|  0%| F|  |TAMS 0x0000000086500000, 0x0000000086500000| Untracked 
|  72|0x0000000086600000, 0x0000000086600000, 0x0000000086700000|  0%| F|  |TAMS 0x0000000086600000, 0x0000000086600000| Untracked 
|  73|0x0000000086700000, 0x0000000086700000, 0x0000000086800000|  0%| F|  |TAMS 0x0000000086700000, 0x0000000086700000| Untracked 
|  74|0x0000000086800000, 0x0000000086800000, 0x0000000086900000|  0%| F|  |TAMS 0x0000000086800000, 0x0000000086800000| Untracked 
|  75|0x0000000086900000, 0x0000000086900000, 0x0000000086a00000|  0%| F|  |TAMS 0x0000000086900000, 0x0000000086900000| Untracked 
|  76|0x0000000086a00000, 0x0000000086a00000, 0x0000000086b00000|  0%| F|  |TAMS 0x0000000086a00000, 0x0000000086a00000| Untracked 
|  77|0x0000000086b00000, 0x0000000086b00000, 0x0000000086c00000|  0%| F|  |TAMS 0x0000000086b00000, 0x0000000086b00000| Untracked 
|  78|0x0000000086c00000, 0x0000000086c00000, 0x0000000086d00000|  0%| F|  |TAMS 0x0000000086c00000, 0x0000000086c00000| Untracked 
|  79|0x0000000086d00000, 0x0000000086d00000, 0x0000000086e00000|  0%| F|  |TAMS 0x0000000086d00000, 0x0000000086d00000| Untracked 
|  80|0x0000000086e00000, 0x0000000086e00000, 0x0000000086f00000|  0%| F|  |TAMS 0x0000000086e00000, 0x0000000086e00000| Untracked 
|  81|0x0000000086f00000, 0x0000000086f00000, 0x0000000087000000|  0%| F|  |TAMS 0x0000000086f00000, 0x0000000086f00000| Untracked 
|  82|0x0000000087000000, 0x0000000087000000, 0x0000000087100000|  0%| F|  |TAMS 0x0000000087000000, 0x0000000087000000| Untracked 
|  83|0x0000000087100000, 0x0000000087100000, 0x0000000087200000|  0%| F|  |TAMS 0x0000000087100000, 0x0000000087100000| Untracked 
|  84|0x0000000087200000, 0x0000000087200000, 0x0000000087300000|  0%| F|  |TAMS 0x0000000087200000, 0x0000000087200000| Untracked 
|  85|0x0000000087300000, 0x0000000087300000, 0x0000000087400000|  0%| F|  |TAMS 0x0000000087300000, 0x0000000087300000| Untracked 
|  86|0x0000000087400000, 0x0000000087400000, 0x0000000087500000|  0%| F|  |TAMS 0x0000000087400000, 0x0000000087400000| Untracked 
|  87|0x0000000087500000, 0x0000000087500000, 0x0000000087600000|  0%| F|  |TAMS 0x0000000087500000, 0x0000000087500000| Untracked 
|  88|0x0000000087600000, 0x0000000087600000, 0x0000000087700000|  0%| F|  |TAMS 0x0000000087600000, 0x0000000087600000| Untracked 
|  89|0x0000000087700000, 0x0000000087700000, 0x0000000087800000|  0%| F|  |TAMS 0x0000000087700000, 0x0000000087700000| Untracked 
|  90|0x0000000087800000, 0x0000000087800000, 0x0000000087900000|  0%| F|  |TAMS 0x0000000087800000, 0x0000000087800000| Untracked 
|  91|0x0000000087900000, 0x0000000087900000, 0x0000000087a00000|  0%| F|  |TAMS 0x0000000087900000, 0x0000000087900000| Untracked 
|  92|0x0000000087a00000, 0x0000000087a00000, 0x0000000087b00000|  0%| F|  |TAMS 0x0000000087a00000, 0x0000000087a00000| Untracked 
|  93|0x0000000087b00000, 0x0000000087b00000, 0x0000000087c00000|  0%| F|  |TAMS 0x0000000087b00000, 0x0000000087b00000| Untracked 
|  94|0x0000000087c00000, 0x0000000087c00000, 0x0000000087d00000|  0%| F|  |TAMS 0x0000000087c00000, 0x0000000087c00000| Untracked 
|  95|0x0000000087d00000, 0x0000000087d00000, 0x0000000087e00000|  0%| F|  |TAMS 0x0000000087d00000, 0x0000000087d00000| Untracked 
|  96|0x0000000087e00000, 0x0000000087e00000, 0x0000000087f00000|  0%| F|  |TAMS 0x0000000087e00000, 0x0000000087e00000| Untracked 
|  97|0x0000000087f00000, 0x0000000087f00000, 0x0000000088000000|  0%| F|  |TAMS 0x0000000087f00000, 0x0000000087f00000| Untracked 
|  98|0x0000000088000000, 0x0000000088000000, 0x0000000088100000|  0%| F|  |TAMS 0x0000000088000000, 0x0000000088000000| Untracked 
|  99|0x0000000088100000, 0x0000000088100000, 0x0000000088200000|  0%| F|  |TAMS 0x0000000088100000, 0x0000000088100000| Untracked 
| 100|0x0000000088200000, 0x0000000088200000, 0x0000000088300000|  0%| F|  |TAMS 0x0000000088200000, 0x0000000088200000| Untracked 
| 101|0x0000000088300000, 0x0000000088300000, 0x0000000088400000|  0%| F|  |TAMS 0x0000000088300000, 0x0000000088300000| Untracked 
| 102|0x0000000088400000, 0x0000000088400000, 0x0000000088500000|  0%| F|  |TAMS 0x0000000088400000, 0x0000000088400000| Untracked 
| 103|0x0000000088500000, 0x0000000088500000, 0x0000000088600000|  0%| F|  |TAMS 0x0000000088500000, 0x0000000088500000| Untracked 
| 104|0x0000000088600000, 0x0000000088600000, 0x0000000088700000|  0%| F|  |TAMS 0x0000000088600000, 0x0000000088600000| Untracked 
| 105|0x0000000088700000, 0x0000000088700000, 0x0000000088800000|  0%| F|  |TAMS 0x0000000088700000, 0x0000000088700000| Untracked 
| 106|0x0000000088800000, 0x0000000088800000, 0x0000000088900000|  0%| F|  |TAMS 0x0000000088800000, 0x0000000088800000| Untracked 
| 107|0x0000000088900000, 0x0000000088900000, 0x0000000088a00000|  0%| F|  |TAMS 0x0000000088900000, 0x0000000088900000| Untracked 
| 108|0x0000000088a00000, 0x0000000088a00000, 0x0000000088b00000|  0%| F|  |TAMS 0x0000000088a00000, 0x0000000088a00000| Untracked 
| 109|0x0000000088b00000, 0x0000000088b00000, 0x0000000088c00000|  0%| F|  |TAMS 0x0000000088b00000, 0x0000000088b00000| Untracked 
| 110|0x0000000088c00000, 0x0000000088c00000, 0x0000000088d00000|  0%| F|  |TAMS 0x0000000088c00000, 0x0000000088c00000| Untracked 
| 111|0x0000000088d00000, 0x0000000088d00000, 0x0000000088e00000|  0%| F|  |TAMS 0x0000000088d00000, 0x0000000088d00000| Untracked 
| 112|0x0000000088e00000, 0x0000000088e00000, 0x0000000088f00000|  0%| F|  |TAMS 0x0000000088e00000, 0x0000000088e00000| Untracked 
| 113|0x0000000088f00000, 0x0000000088f00000, 0x0000000089000000|  0%| F|  |TAMS 0x0000000088f00000, 0x0000000088f00000| Untracked 
| 114|0x0000000089000000, 0x0000000089000000, 0x0000000089100000|  0%| F|  |TAMS 0x0000000089000000, 0x0000000089000000| Untracked 
| 115|0x0000000089100000, 0x0000000089100000, 0x0000000089200000|  0%| F|  |TAMS 0x0000000089100000, 0x0000000089100000| Untracked 
| 116|0x0000000089200000, 0x0000000089200000, 0x0000000089300000|  0%| F|  |TAMS 0x0000000089200000, 0x0000000089200000| Untracked 
| 117|0x0000000089300000, 0x00000000893fbb40, 0x0000000089400000| 98%| E|  |TAMS 0x0000000089300000, 0x0000000089300000| Complete 
| 118|0x0000000089400000, 0x0000000089500000, 0x0000000089500000|100%| E|CS|TAMS 0x0000000089400000, 0x0000000089400000| Complete 
| 119|0x0000000089500000, 0x0000000089600000, 0x0000000089600000|100%| E|CS|TAMS 0x0000000089500000, 0x0000000089500000| Complete 
| 120|0x0000000089600000, 0x0000000089700000, 0x0000000089700000|100%| E|CS|TAMS 0x0000000089600000, 0x0000000089600000| Complete 
| 121|0x0000000089700000, 0x0000000089800000, 0x0000000089800000|100%| E|  |TAMS 0x0000000089700000, 0x0000000089700000| Complete 
| 122|0x0000000089800000, 0x0000000089900000, 0x0000000089900000|100%| E|CS|TAMS 0x0000000089800000, 0x0000000089800000| Complete 
| 123|0x0000000089900000, 0x0000000089a00000, 0x0000000089a00000|100%| E|CS|TAMS 0x0000000089900000, 0x0000000089900000| Complete 
| 124|0x0000000089a00000, 0x0000000089b00000, 0x0000000089b00000|100%| E|CS|TAMS 0x0000000089a00000, 0x0000000089a00000| Complete 
| 125|0x0000000089b00000, 0x0000000089c00000, 0x0000000089c00000|100%| E|CS|TAMS 0x0000000089b00000, 0x0000000089b00000| Complete 
| 126|0x0000000089c00000, 0x0000000089d00000, 0x0000000089d00000|100%| E|CS|TAMS 0x0000000089c00000, 0x0000000089c00000| Complete 
| 127|0x0000000089d00000, 0x0000000089e00000, 0x0000000089e00000|100%| E|CS|TAMS 0x0000000089d00000, 0x0000000089d00000| Complete 

Card table byte_map: [0x000001a66fa40000,0x000001a66fe40000] _byte_map_base: 0x000001a66f631000

Marking Bits (Prev, Next): (CMBitMap*) 0x000001a657f3d528, (CMBitMap*) 0x000001a657f3d568
 Prev Bits: [0x000001a670240000, 0x000001a6721c8000)
 Next Bits: [0x000001a6721d0000, 0x000001a674158000)

Polling page: 0x000001a655ec0000

Metaspace:

Usage:
  Non-class:      5.14 MB capacity,     3.57 MB ( 69%) used,     1.57 MB ( 30%) free+waste,     5.44 KB ( <1%) overhead. 
      Class:    557.00 KB capacity,   402.97 KB ( 72%) used,   151.16 KB ( 27%) free+waste,     2.88 KB ( <1%) overhead. 
       Both:      5.69 MB capacity,     3.97 MB ( 70%) used,     1.71 MB ( 30%) free+waste,     8.31 KB ( <1%) overhead. 

Virtual space:
  Non-class space:        8.00 MB reserved,       5.25 MB ( 66%) committed 
      Class space:        1.00 GB reserved,     640.00 KB ( <1%) committed 
             Both:        1.01 GB reserved,       5.88 MB ( <1%) committed 

Chunk freelists:
   Non-Class:  5.50 KB
       Class:  2.38 KB
        Both:  7.88 KB

CodeHeap 'non-profiled nmethods': size=120000Kb used=206Kb max_used=206Kb free=119793Kb
 bounds [0x000001a667dd0000, 0x000001a668040000, 0x000001a66f300000]
CodeHeap 'profiled nmethods': size=120000Kb used=1126Kb max_used=1126Kb free=118873Kb
 bounds [0x000001a6608a0000, 0x000001a660b10000, 0x000001a667dd0000]
CodeHeap 'non-nmethods': size=5760Kb used=1105Kb max_used=1113Kb free=4654Kb
 bounds [0x000001a660300000, 0x000001a660570000, 0x000001a6608a0000]
 total_blobs=1214 nmethods=643 adapters=316
 compilation: enabled
              stopped_count=0, restarted_count=0
 full_count=0

Compilation events (10 events):
Event: 0.505 Thread 0x000001a676bac800 nmethod 631 0x000001a6609b3590 code [0x000001a6609b3760, 0x000001a6609b3958]
Event: 0.505 Thread 0x000001a676bac800  634   !   3       java.lang.invoke.MemberName$Factory::resolve (157 bytes)
Event: 0.507 Thread 0x000001a676bac800 nmethod 634 0x000001a6609b3a10 code [0x000001a6609b3c60, 0x000001a6609b4350]
Event: 0.507 Thread 0x000001a676bac800  636       3       java.lang.invoke.MemberName::checkForTypeAlias (168 bytes)
Event: 0.516 Thread 0x000001a676bac800 nmethod 636 0x000001a6609b4610 code [0x000001a6609b4ae0, 0x000001a6609b6e40]
Event: 0.516 Thread 0x000001a676bac800  638  s    3       java.util.Vector::addElement (24 bytes)
Event: 0.517 Thread 0x000001a676bac800 nmethod 638 0x000001a6609b7810 code [0x000001a6609b7a20, 0x000001a6609b8220]
Event: 0.519 Thread 0x000001a676bac800  641       3       jdk.internal.math.FDBigInteger::mult (64 bytes)
Event: 0.519 Thread 0x000001a676bac800 nmethod 641 0x000001a6609b8490 code [0x000001a6609b8660, 0x000001a6609b88f8]
Event: 0.519 Thread 0x000001a676bac800  642       3       jdk.internal.math.FDBigInteger::<init> (30 bytes)

GC Heap History (0 events):
No events

Deoptimization events (5 events):
Event: 0.171 Thread 0x000001a657efe000 Uncommon trap: reason=unstable_if action=reinterpret pc=0x000001a667dd513c method=java.lang.String.hashCode()I @ 14 c2
Event: 0.431 Thread 0x000001a657efe000 Uncommon trap: reason=profile_predicate action=maybe_recompile pc=0x000001a667df6e00 method=java.lang.StringLatin1.indexOf([BI[BII)I @ 18 c2
Event: 0.431 Thread 0x000001a657efe000 Uncommon trap: reason=profile_predicate action=maybe_recompile pc=0x000001a667df6e00 method=java.lang.StringLatin1.indexOf([BI[BII)I @ 18 c2
Event: 0.431 Thread 0x000001a657efe000 Uncommon trap: reason=profile_predicate action=maybe_recompile pc=0x000001a667df6e00 method=java.lang.StringLatin1.indexOf([BI[BII)I @ 18 c2
Event: 0.431 Thread 0x000001a657efe000 Uncommon trap: reason=profile_predicate action=maybe_recompile pc=0x000001a667df6e00 method=java.lang.StringLatin1.indexOf([BI[BII)I @ 18 c2

Classes redefined (0 events):
No events

Internal exceptions (0 events):
No events

Events (10 events):
Event: 0.513 loading class com/google/common/cache/LocalCache$AbstractReferenceEntry
Event: 0.513 loading class com/google/common/cache/LocalCache$AbstractReferenceEntry done
Event: 0.514 loading class com/google/common/cache/LocalCache$StrongValueReference
Event: 0.514 loading class com/google/common/cache/LocalCache$StrongValueReference done
Event: 0.516 Executing VM operation: RevokeBias
Event: 0.516 Executing VM operation: RevokeBias done
Event: 0.516 loading class org/rosuda/JRI/Mutex
Event: 0.516 loading class org/rosuda/JRI/Mutex done
Event: 0.517 loading class jdk/internal/math/FDBigInteger
Event: 0.517 loading class jdk/internal/math/FDBigInteger done


Dynamic libraries:
0x00007ff7106e0000 - 0x00007ff7106ef000 	D:\Programs\Java\bin\javaw.exe
0x00007ffa9fa30000 - 0x00007ffa9fc1d000 	C:\Windows\SYSTEM32\ntdll.dll
0x00007ffa9f940000 - 0x00007ffa9f9f3000 	C:\Windows\System32\KERNEL32.DLL
0x00007ffa9c890000 - 0x00007ffa9cb23000 	C:\Windows\System32\KERNELBASE.dll
0x00007ffa9c790000 - 0x00007ffa9c88a000 	C:\Windows\System32\ucrtbase.dll
0x00007ffa7f0f0000 - 0x00007ffa7f108000 	D:\Programs\Java\bin\jli.dll
0x00007ffa83090000 - 0x00007ffa830a6000 	D:\Programs\Java\bin\VCRUNTIME140.dll
0x00007ffa9d780000 - 0x00007ffa9d823000 	C:\Windows\System32\ADVAPI32.dll
0x00007ffa9cf50000 - 0x00007ffa9cfee000 	C:\Windows\System32\msvcrt.dll
0x00007ffa9da30000 - 0x00007ffa9dace000 	C:\Windows\System32\sechost.dll
0x00007ffa9d350000 - 0x00007ffa9d472000 	C:\Windows\System32\RPCRT4.dll
0x00007ffa9d830000 - 0x00007ffa9d9c7000 	C:\Windows\System32\USER32.dll
0x00007ffa9bb40000 - 0x00007ffa9bb60000 	C:\Windows\System32\win32u.dll
0x00007ffa89320000 - 0x00007ffa89599000 	C:\Windows\WinSxS\amd64_microsoft.windows.common-controls_6595b64144ccf1df_6.0.17763.802_none_05b1445c0722d2cc\COMCTL32.dll
0x00007ffa9f450000 - 0x00007ffa9f479000 	C:\Windows\System32\GDI32.dll
0x00007ffa9c5a0000 - 0x00007ffa9c739000 	C:\Windows\System32\gdi32full.dll
0x00007ffa9f550000 - 0x00007ffa9f87c000 	C:\Windows\System32\combase.dll
0x00007ffa9cbb0000 - 0x00007ffa9cc50000 	C:\Windows\System32\msvcp_win.dll
0x00007ffa9cb30000 - 0x00007ffa9cbae000 	C:\Windows\System32\bcryptPrimitives.dll
0x00007ffa922d0000 - 0x00007ffa922da000 	C:\Windows\SYSTEM32\VERSION.dll
0x00007ffa9d1c0000 - 0x00007ffa9d1ee000 	C:\Windows\System32\IMM32.DLL
0x00007ffa5fb10000 - 0x00007ffa5fbba000 	D:\Programs\Java\bin\msvcp140.dll
0x00007ffa60b10000 - 0x00007ffa61687000 	D:\Programs\Java\bin\server\jvm.dll
0x00007ffa9d1b0000 - 0x00007ffa9d1b8000 	C:\Windows\System32\PSAPI.DLL
0x00007ffa880e0000 - 0x00007ffa880e9000 	C:\Windows\SYSTEM32\WSOCK32.dll
0x00007ffa94b80000 - 0x00007ffa94ba4000 	C:\Windows\SYSTEM32\WINMM.dll
0x00007ffa9d5d0000 - 0x00007ffa9d63d000 	C:\Windows\System32\WS2_32.dll
0x00007ffa94b50000 - 0x00007ffa94b7d000 	C:\Windows\SYSTEM32\winmmbase.dll
0x00007ffa9c740000 - 0x00007ffa9c78a000 	C:\Windows\System32\cfgmgr32.dll
0x00007ffa9ba20000 - 0x00007ffa9ba31000 	C:\Windows\System32\kernel.appcore.dll
0x00007ffa7ef70000 - 0x00007ffa7ef81000 	D:\Programs\Java\bin\verify.dll
0x00007ffa9a3e0000 - 0x00007ffa9a5cd000 	C:\Windows\SYSTEM32\DBGHELP.DLL
0x00007ffa85d40000 - 0x00007ffa85d6a000 	C:\Windows\SYSTEM32\dbgcore.DLL
0x00007ffa7ee70000 - 0x00007ffa7ee96000 	D:\Programs\Java\bin\java.dll
0x00007ffa7ee50000 - 0x00007ffa7ee67000 	D:\Programs\Java\bin\zip.dll
0x00007ffa87980000 - 0x00007ffa8798a000 	D:\Programs\Java\bin\jimage.dll
0x00007ffa9df50000 - 0x00007ffa9f444000 	C:\Windows\System32\SHELL32.dll
0x00007ffa9cea0000 - 0x00007ffa9cf48000 	C:\Windows\System32\shcore.dll
0x00007ffa9bda0000 - 0x00007ffa9c4ed000 	C:\Windows\System32\windows.storage.dll
0x00007ffa9ba40000 - 0x00007ffa9ba64000 	C:\Windows\System32\profapi.dll
0x00007ffa9ba90000 - 0x00007ffa9baed000 	C:\Windows\System32\powrprof.dll
0x00007ffa9f8e0000 - 0x00007ffa9f932000 	C:\Windows\System32\shlwapi.dll
0x00007ffa9baf0000 - 0x00007ffa9bb07000 	C:\Windows\System32\cryptsp.dll
0x00007ffa7ee30000 - 0x00007ffa7ee49000 	D:\Programs\Java\bin\net.dll
0x00007ffa90cc0000 - 0x00007ffa90db2000 	C:\Windows\SYSTEM32\WINHTTP.dll
0x00007ffa839b0000 - 0x00007ffa83b87000 	C:\Windows\SYSTEM32\urlmon.dll
0x00007ffa865e0000 - 0x00007ffa86888000 	C:\Windows\SYSTEM32\iertutil.dll
0x00007ffa9b460000 - 0x00007ffa9b46c000 	C:\Windows\SYSTEM32\CRYPTBASE.DLL
0x00007ffa9b290000 - 0x00007ffa9b2f7000 	C:\Windows\system32\mswsock.dll
0x00007ffa7ee10000 - 0x00007ffa7ee23000 	D:\Programs\Java\bin\nio.dll
0x0000000062d80000 - 0x0000000062d97000 	D:\Programs\Java\bin\jri.dll
0x000000006c700000 - 0x000000006e5a5000 	D:\Programs\R-3.6.1\bin\x64\R.dll
0x0000000063540000 - 0x00000000635a1000 	D:\Programs\R-3.6.1\bin\x64\Rgraphapp.dll
0x00007ffa9d4a0000 - 0x00007ffa9d5c7000 	C:\Windows\System32\comdlg32.dll
0x0000000064e80000 - 0x0000000064ed2000 	D:\Programs\R-3.6.1\bin\x64\Rblas.dll
0x00000000641c0000 - 0x00000000641d6000 	D:\Programs\R-3.6.1\bin\x64\Riconv.dll
0x00007ffa94fe0000 - 0x00007ffa94fe7000 	C:\Windows\SYSTEM32\MSIMG32.dll

dbghelp: loaded successfully - version: 4.0.5 - missing functions: none
symbol engine: initialized successfully - sym options: 0x614 - pdb path: .;D:\Programs\Java\bin;C:\Windows\SYSTEM32;C:\Windows\WinSxS\amd64_microsoft.windows.common-controls_6595b64144ccf1df_6.0.17763.802_none_05b1445c0722d2cc;D:\Programs\Java\bin\server;D:\Programs\R-3.6.1\bin\x64

VM Arguments:
jvm_args: -Dfile.encoding=Cp1252 
java_command: pedigreeVerification.Main 12572.hmp.txt PEDIGREE_FILE.txt 0
java_class_path (initial): D:\sp-workspace\pevar-v0.1\bin;D:\sp-workspace\tassel-5-source\bin;D:\sp-workspace\tassel-5-source\lib\ahocorasick-0.2.4.jar;D:\sp-workspace\tassel-5-source\lib\avro-1.8.1.jar;D:\sp-workspace\tassel-5-source\lib\biojava-alignment-4.0.0.jar;D:\sp-workspace\tassel-5-source\lib\biojava-core-4.0.0.jar;D:\sp-workspace\tassel-5-source\lib\biojava-phylo-4.0.0.jar;D:\sp-workspace\tassel-5-source\lib\colt-1.2.0.jar;D:\sp-workspace\tassel-5-source\lib\commons-codec-1.10.jar;D:\sp-workspace\tassel-5-source\lib\commons-math3-3.4.1.jar;D:\sp-workspace\tassel-5-source\lib\ejml-0.23.jar;D:\sp-workspace\tassel-5-source\lib\forester-1.038.jar;D:\sp-workspace\tassel-5-source\lib\guava-22.0.jar;D:\sp-workspace\tassel-5-source\lib\htsjdk-2.19.0.jar;D:\sp-workspace\tassel-5-source\lib\itextpdf-5.1.0.jar;D:\sp-workspace\tassel-5-source\lib\javax.json-1.0.4.jar;D:\sp-workspace\tassel-5-source\lib\jcommon-1.0.23.jar;D:\sp-workspace\tassel-5-source\lib\je-6.0.11.jar;D:\sp-workspace\tassel-5-source\lib\jfreechart-1.0.19.jar;D:\sp-workspace\tassel-5-source\lib\jfreesvg-3.2.jar;D:\sp-workspace\tassel-5-source\lib\jfxrt.jar;D:\sp-workspace\tassel-5-source\lib\jhdf5-14.12.5.jar;D:\sp-workspace\tassel-5-source\lib\json-simple-1.1.1.jar;D:\sp-workspace\tassel-5-source\lib\junit-4.10.jar;D:\sp-workspace\tassel-5-source\lib\log4j-1.2.13.jar;D:\sp-workspace\tassel-5-source\lib\mail-1.4.jar;D:\sp-workspace\tassel-5-source\lib\postgresql-9.4-1201.jdbc41.jar;D:\sp-workspace\tassel-5-source\lib\slf4j-api-1.7.10.jar;D:\sp-workspace\tassel-5-source\lib\slf4j-simple-1.7.10.jar;D:\sp-workspace\tassel-5-source\lib\snappy-java-1.1.1.6.jar;D:\sp-workspace\tassel-5-source\lib\sqlite-jdbc-3.8.5-pre1.jar;D:\sp-workspace\tassel-5-source\lib\trove-3.0.3.jar;D:\Programs\R-3.6.1\library\rJava\jri\JRI.jar
Launcher Type: SUN_STANDARD

[Global flags]
     intx CICompilerCount                          = 4                                         {product} {ergonomic}
     uint ConcGCThreads                            = 2                                         {product} {ergonomic}
     uint G1ConcRefinementThreads                  = 8                                         {product} {ergonomic}
   size_t G1HeapRegionSize                         = 1048576                                   {product} {ergonomic}
    uintx GCDrainStackTargetSize                   = 64                                        {product} {ergonomic}
   size_t InitialHeapSize                          = 134217728                                 {product} {ergonomic}
   size_t MarkStackSize                            = 4194304                                   {product} {ergonomic}
   size_t MaxHeapSize                              = 2116026368                                {product} {ergonomic}
   size_t MaxNewSize                               = 1268776960                                {product} {ergonomic}
   size_t MinHeapDeltaBytes                        = 1048576                                   {product} {ergonomic}
    uintx NonNMethodCodeHeapSize                   = 5836300                                {pd product} {ergonomic}
    uintx NonProfiledCodeHeapSize                  = 122910970                              {pd product} {ergonomic}
    uintx ProfiledCodeHeapSize                     = 122910970                              {pd product} {ergonomic}
    uintx ReservedCodeCacheSize                    = 251658240                              {pd product} {ergonomic}
     bool SegmentedCodeCache                       = true                                      {product} {ergonomic}
     bool UseCompressedClassPointers               = true                                 {lp64_product} {ergonomic}
     bool UseCompressedOops                        = true                                 {lp64_product} {ergonomic}
     bool UseG1GC                                  = true                                      {product} {ergonomic}
     bool UseLargePagesIndividualAllocation        = false                                  {pd product} {ergonomic}

Logging:
Log output configuration:
 #0: stdout all=warning uptime,level,tags
 #1: stderr all=off uptime,level,tags

Environment Variables:
JAVA_HOME=D:\Programs\Java
PATH=D:/Programs/Java/bin/server;D:/Programs/Java/bin;D:\Programs\Rtools\bin;C:\Program Files (x86)\Intel\Intel(R) Management Engine Components\iCLS\;C:\Program Files\Intel\Intel(R) Management Engine Components\iCLS\;C:\Windows\system32;C:\Windows;C:\Windows\System32\Wbem;C:\Windows\System32\WindowsPowerShell\v1.0\;C:\Windows\System32\OpenSSH\;C:\Program Files (x86)\Intel\Intel(R) Management Engine Components\DAL;C:\Program Files\Intel\Intel(R) Management Engine Components\DAL;C:\Program Files (x86)\NVIDIA Corporation\PhysX\Common;D:\Programs\Git\cmd;D:\Programs\cygwin64;D:\Programs\mingw32\bin;D:\Programs\apache-ant-1.10.6\bin;D:\Programs\Java\bin;D:\Programs\R-3.6.1\bin\x64;C:\Users\Claire\AppData\Local\Microsoft\WindowsApps;;C:\Windows\System32;
USERNAME=Claire
OS=Windows_NT
PROCESSOR_IDENTIFIER=Intel64 Family 6 Model 142 Stepping 10, GenuineIntel



---------------  S Y S T E M  ---------------

OS: Windows 10 , 64 bit Build 17763 (10.0.17763.475)

CPU:total 8 (initial active 8) (4 cores per cpu, 2 threads per core) family 6 model 142 stepping 10, cmov, cx8, fxsr, mmx, sse, sse2, sse3, ssse3, sse4.1, sse4.2, popcnt, avx, avx2, aes, clmul, erms, 3dnowpref, lzcnt, ht, tsc, tscinvbit, bmi1, bmi2, adx, fma

Memory: 4k page, system-wide physical 8070M (2514M free)
TotalPageFile size 10849M (AvailPageFile size 1661M)
current process WorkingSet (physical memory assigned to process): 66M, peak: 66M
current process commit charge ("private bytes"): 243M, peak: 243M

vm_info: Java HotSpot(TM) 64-Bit Server VM (12.0.2+10) for windows-amd64 JRE (12.0.2+10), built on Jul 16 2019 01:56:17 by "mach5one" with MS VC++ 15.5 (VS2017)

END.
